<?xml version="1.0" encoding="UTF-8"?>
<!-- Generated by org.testng.reporters.JUnitReportReporter -->
<testsuite name="com.update.testCases.Login_" tests="3" time="26.011" ignored="0" failures="0" timestamp="28 Mar 2017 10:54:45 GMT" skipped="0" hostname="DESKTOP-GBQT2QC" errors="0">
  <testcase name="logout" time="5.915" classname="com.update.testCases.Login_"/>
  <testcase name="upload" time="15.728" classname="com.update.testCases.Login_"/>
  <testcase name="login__" time="4.368" classname="com.update.testCases.Login_"/>
</testsuite> <!-- com.update.testCases.Login_ -->
