<?xml version="1.0" encoding="UTF-8"?>
<!-- Generated by org.testng.reporters.JUnitReportReporter -->
<testsuite name="com.update.testCases.Login_" tests="3" time="21.838" ignored="0" failures="0" timestamp="26 Mar 2017 19:38:32 GMT" skipped="0" hostname="DESKTOP-GBQT2QC" errors="0">
  <testcase name="upload" time="14.802" classname="com.update.testCases.Login_"/>
  <testcase name="logout" time="2.763" classname="com.update.testCases.Login_"/>
  <testcase name="login__" time="4.273" classname="com.update.testCases.Login_"/>
</testsuite> <!-- com.update.testCases.Login_ -->
